{
  "stats": {
    "suites": 1,
    "tests": 1,
    "passes": 1,
    "pending": 0,
    "failures": 0,
    "start": "2022-09-02T11:15:06.502Z",
    "end": "2022-09-02T11:15:22.824Z",
    "duration": 16322,
    "testsRegistered": 1,
    "passPercent": 100,
    "pendingPercent": 0,
    "other": 0,
    "hasOther": false,
    "skipped": 0,
    "hasSkipped": false
  },
  "results": [
    {
      "uuid": "07181cf8-a96e-4e03-b33a-ffcf49ebb350",
      "title": "",
      "fullFile": "cypress/e2e/demo_netlify/test_drag_and_drop.ts",
      "file": "cypress/e2e/demo_netlify/test_drag_and_drop.ts",
      "beforeHooks": [],
      "afterHooks": [],
      "tests": [],
      "suites": [
        {
          "uuid": "79a1340d-5717-4e0d-a6a4-46f2d50d6139",
          "title": "Test Drag and Drop",
          "fullFile": "",
          "file": "",
          "beforeHooks": [],
          "afterHooks": [],
          "tests": [
            {
              "title": "Verify that user should be able to perform drag and drop successfully for Text",
              "fullTitle": "Test Drag and Drop Verify that user should be able to perform drag and drop successfully for Text",
              "timedOut": null,
              "duration": 11863,
              "state": "passed",
              "speed": "slow",
              "pass": true,
              "fail": false,
              "pending": false,
              "context": "\"videos/test_drag_and_drop.ts.mp4\"",
              "code": "cy.visit(Cypress.env('base_url'));\ndemo.dragAndDropObjectThenWriteInIt(true, sample, 'Text\")');\ncy.log(\"User is successfully able to drag an object and after dropping it added the text in desired color\");\ndemo.tapSaveDesignButton();",
              "err": {},
              "uuid": "62bfca5e-1180-46fa-96c1-8f54af98be89",
              "parentUUID": "79a1340d-5717-4e0d-a6a4-46f2d50d6139",
              "isHook": false,
              "skipped": false
            }
          ],
          "suites": [],
          "passes": [
            "62bfca5e-1180-46fa-96c1-8f54af98be89"
          ],
          "failures": [],
          "pending": [],
          "skipped": [],
          "duration": 11863,
          "root": false,
          "rootEmpty": false,
          "_timeout": 2000
        }
      ],
      "passes": [],
      "failures": [],
      "pending": [],
      "skipped": [],
      "duration": 0,
      "root": true,
      "rootEmpty": true,
      "_timeout": 2000
    }
  ],
  "meta": {
    "mocha": {
      "version": "7.0.1"
    },
    "mochawesome": {
      "options": {
        "quiet": false,
        "reportFilename": "mochawesome",
        "saveHtml": false,
        "saveJson": true,
        "consoleReporter": "spec",
        "useInlineDiffs": false,
        "code": true
      },
      "version": "7.1.3"
    },
    "marge": {
      "options": {
        "charts": true,
        "overwrite": false,
        "html": false,
        "json": true,
        "reportDir": "cypress/report/mochawesome-report"
      },
      "version": "6.2.0"
    }
  }
}